<?xml version="1.0" encoding="UTF-8"?>
<testsuite name="app.thamani.pagi.LoadParamsTest" tests="3" skipped="0" failures="0" errors="0" timestamp="2026-03-14T00:20:53.359Z" hostname="jungu.local" time="0.002">
  <properties/>
  <testcase name="key can be null for initial load" classname="app.thamani.pagi.LoadParamsTest" time="0.002"/>
  <testcase name="stores key, loadSize, and direction" classname="app.thamani.pagi.LoadParamsTest" time="0.0"/>
  <testcase name="identical params are equal" classname="app.thamani.pagi.LoadParamsTest" time="0.0"/>
  <system-out><![CDATA[]]></system-out>
  <system-err><![CDATA[]]></system-err>
</testsuite>
